<?xml version="1.0" encoding="UTF-8"?>
<!-- Generated by org.testng.reporters.JUnitReportReporter -->
<testsuite hostname="DESKTOP-TNM7DN2" failures="0" tests="1" name="com.crm.qa.testcases.LoginPageTest" time="17.191" errors="0" timestamp="2021-09-06T07:53:09 IST" skipped="0">
  <testcase classname="com.crm.qa.testcases.LoginPageTest" name="testLoginPage" time="17.191"/>
  <system-out/>
</testsuite> <!-- com.crm.qa.testcases.LoginPageTest -->
