<?xml version="1.0" encoding="UTF-8"?>
<!-- Generated by org.testng.reporters.JUnitReportReporter -->
<testsuite hostname="DESKTOP-TNM7DN2" failures="0" tests="1" name="com.crm.qa.testcases.HomePageTest" time="19.915" errors="0" timestamp="2021-09-08T06:20:49 IST" skipped="0">
  <testcase classname="com.crm.qa.testcases.HomePageTest" name="verifyContactsPageLink" time="19.915"/>
  <system-out/>
</testsuite> <!-- com.crm.qa.testcases.HomePageTest -->
